#
# A fatal error has been detected by the Java Runtime Environment:
#
#  Internal Error (sharedRuntime.cpp:533), pid=4742, tid=47121217046272
#  Error: ShouldNotReachHere()
#
# JRE version: Java(TM) SE Runtime Environment (8.0_40-b25) (build 1.8.0_40-b25)
# Java VM: Java HotSpot(TM) 64-Bit Server VM (25.40-b25 mixed mode linux-amd64 compressed oops)
# Failed to write core dump. Core dumps have been disabled. To enable core dumping, try "ulimit -c unlimited" before starting Java again
#
# If you would like to submit a bug report, please visit:
#   http://bugreport.java.com/bugreport/crash.jsp
#

---------------  T H R E A D  ---------------

Current thread (0x00002adb48009800):  JavaThread "main" [_thread_in_Java, id=4743, stack(0x00002adb43574000,0x00002adb43675000)]

Stack: [0x00002adb43574000,0x00002adb43675000],  sp=0x00002adb436722e0,  free space=1016k
Native frames: (J=compiled Java code, j=interpreted, Vv=VM code, C=native code)
V  [libjvm.so+0xaaca9a]  VMError::report_and_die()+0x2ba
V  [libjvm.so+0x4f2d22]  report_should_not_reach_here(char const*, int)+0x52
V  [libjvm.so+0x9ab9f7]  SharedRuntime::raw_exception_handler_for_return_address(JavaThread*, unsigned char*)+0x107
v  ~RuntimeStub::unwind_exception Runtime1 stub


---------------  P R O C E S S  ---------------

Java Threads: ( => current thread )
  0x00002adb480bc000 JavaThread "Service Thread" daemon [_thread_blocked, id=4752, stack(0x00002adb5be53000,0x00002adb5bf54000)]
  0x00002adb480b7000 JavaThread "C1 CompilerThread1" daemon [_thread_blocked, id=4751, stack(0x00002adb5bd52000,0x00002adb5be53000)]
  0x00002adb480b4000 JavaThread "C2 CompilerThread0" daemon [_thread_blocked, id=4750, stack(0x00002adb5bc51000,0x00002adb5bd52000)]
  0x00002adb480b2800 JavaThread "Signal Dispatcher" daemon [_thread_blocked, id=4749, stack(0x00002adb5bb50000,0x00002adb5bc51000)]
  0x00002adb4807a800 JavaThread "Finalizer" daemon [_thread_blocked, id=4748, stack(0x00002adb5b505000,0x00002adb5b606000)]
  0x00002adb48078800 JavaThread "Reference Handler" daemon [_thread_blocked, id=4747, stack(0x00002adb5b404000,0x00002adb5b505000)]
=>0x00002adb48009800 JavaThread "main" [_thread_in_Java, id=4743, stack(0x00002adb43574000,0x00002adb43675000)]

Other Threads:
  0x00002adb48073800 VMThread [stack: 0x00002adb5b303000,0x00002adb5b404000] [id=4746]
  0x00002adb480be800 WatcherThread [stack: 0x00002adb61bd0000,0x00002adb61cd1000] [id=4753]

VM state:not at safepoint (normal execution)

VM Mutex/Monitor currently owned by a thread: None

Heap:
 PSYoungGen      total 14848K, used 4605K [0x00000000ed780000, 0x00000000eed80000, 0x0000000100000000)
  eden space 10752K, 5% used [0x00000000ed780000,0x00000000ed820c20,0x00000000ee200000)
  from space 4096K, 96% used [0x00000000ee200000,0x00000000ee5de918,0x00000000ee600000)
  to   space 5120K, 0% used [0x00000000ee880000,0x00000000ee880000,0x00000000eed80000)
 ParOldGen       total 11264K, used 5395K [0x00000000c8600000, 0x00000000c9100000, 0x00000000ed780000)
  object space 11264K, 47% used [0x00000000c8600000,0x00000000c8b44f30,0x00000000c9100000)
 Metaspace       used 9082K, capacity 9632K, committed 9856K, reserved 1058816K
  class space    used 1079K, capacity 1108K, committed 1152K, reserved 1048576K

Card table byte_map: [0x00002adb4686f000,0x00002adb46a2d000] byte_map_base: 0x00002adb4622c000

Marking Bits: (ParMarkBitMap*) 0x00002adb450e46c0
 Begin Bits: [0x00002adb60000000, 0x00002adb60de8000)
 End Bits:   [0x00002adb60de8000, 0x00002adb61bd0000)

Polling page: 0x00002adb4354a000

CodeCache: size=245760Kb used=3537Kb max_used=3537Kb free=242222Kb
 bounds [0x00002adb4c000000, 0x00002adb4c380000, 0x00002adb5b000000]
 total_blobs=1248 nmethods=943 adapters=219
 compilation: enabled

Compilation events (10 events):
Event: 2,901 Thread 0x00002adb480b7000 nmethod 958 0x00002adb4c371d90 code [0x00002adb4c371ee0, 0x00002adb4c371fd0]
Event: 2,901 Thread 0x00002adb480b7000  933       1       com.sun.tools.javac.code.Types::access$000 (5 bytes)
Event: 2,902 Thread 0x00002adb480b7000 nmethod 933 0x00002adb4c372050 code [0x00002adb4c3721a0, 0x00002adb4c372290]
Event: 2,902 Thread 0x00002adb480b7000  959       1       com.sun.tools.javac.code.Type$JCPrimitiveType$1::constValue (5 bytes)
Event: 2,902 Thread 0x00002adb480b7000 nmethod 959 0x00002adb4c372310 code [0x00002adb4c372460, 0x00002adb4c372570]
Event: 2,902 Thread 0x00002adb480b7000  943       3       com.sun.tools.javac.code.Types$4::visitClassType (10 bytes)
Event: 2,902 Thread 0x00002adb480b7000 nmethod 943 0x00002adb4c3725d0 code [0x00002adb4c372740, 0x00002adb4c3729a8]
Event: 2,902 Thread 0x00002adb480b7000  944       3       com.sun.tools.javac.code.Types$4::visitClassType (99 bytes)
Event: 2,905 Thread 0x00002adb480b7000 nmethod 944 0x00002adb4c372a90 code [0x00002adb4c372d00, 0x00002adb4c373c78]
Event: 2,905 Thread 0x00002adb480b7000  960       3       com.sun.tools.javac.comp.Attr$ResultInfo::<init> (15 bytes)

GC Heap History (10 events):
Event: 1,049 GC heap before
{Heap before GC invocations=4 (full 0):
 PSYoungGen      total 3584K, used 3568K [0x00000000ed780000, 0x00000000ede80000, 0x0000000100000000)
  eden space 3072K, 100% used [0x00000000ed780000,0x00000000eda80000,0x00000000eda80000)
  from space 512K, 96% used [0x00000000eda80000,0x00000000edafc020,0x00000000edb00000)
  to   space 512K, 0% used [0x00000000ede00000,0x00000000ede00000,0x00000000ede80000)
 ParOldGen       total 5632K, used 652K [0x00000000c8600000, 0x00000000c8b80000, 0x00000000ed780000)
  object space 5632K, 11% used [0x00000000c8600000,0x00000000c86a3358,0x00000000c8b80000)
 Metaspace       used 6128K, capacity 7308K, committed 7552K, reserved 1056768K
  class space    used 756K, capacity 776K, committed 896K, reserved 1048576K
Event: 1,055 GC heap after
Heap after GC invocations=4 (full 0):
 PSYoungGen      total 6656K, used 496K [0x00000000ed780000, 0x00000000ede80000, 0x0000000100000000)
  eden space 6144K, 0% used [0x00000000ed780000,0x00000000ed780000,0x00000000edd80000)
  from space 512K, 96% used [0x00000000ede00000,0x00000000ede7c020,0x00000000ede80000)
  to   space 512K, 0% used [0x00000000edd80000,0x00000000edd80000,0x00000000ede00000)
 ParOldGen       total 5632K, used 1010K [0x00000000c8600000, 0x00000000c8b80000, 0x00000000ed780000)
  object space 5632K, 17% used [0x00000000c8600000,0x00000000c86fc848,0x00000000c8b80000)
 Metaspace       used 6128K, capacity 7308K, committed 7552K, reserved 1056768K
  class space    used 756K, capacity 776K, committed 896K, reserved 1048576K
}
Event: 1,410 GC heap before
{Heap before GC invocations=5 (full 0):
 PSYoungGen      total 6656K, used 6640K [0x00000000ed780000, 0x00000000ede80000, 0x0000000100000000)
  eden space 6144K, 100% used [0x00000000ed780000,0x00000000edd80000,0x00000000edd80000)
  from space 512K, 96% used [0x00000000ede00000,0x00000000ede7c020,0x00000000ede80000)
  to   space 512K, 0% used [0x00000000edd80000,0x00000000edd80000,0x00000000ede00000)
 ParOldGen       total 5632K, used 1010K [0x00000000c8600000, 0x00000000c8b80000, 0x00000000ed780000)
  object space 5632K, 17% used [0x00000000c8600000,0x00000000c86fc848,0x00000000c8b80000)
 Metaspace       used 7269K, capacity 8084K, committed 8448K, reserved 1056768K
  class space    used 879K, capacity 912K, committed 1024K, reserved 1048576K
Event: 1,424 GC heap after
Heap after GC invocations=5 (full 0):
 PSYoungGen      total 6656K, used 480K [0x00000000ed780000, 0x00000000eea80000, 0x0000000100000000)
  eden space 6144K, 0% used [0x00000000ed780000,0x00000000ed780000,0x00000000edd80000)
  from space 512K, 93% used [0x00000000edd80000,0x00000000eddf8010,0x00000000ede00000)
  to   space 3584K, 0% used [0x00000000ee700000,0x00000000ee700000,0x00000000eea80000)
 ParOldGen       total 5632K, used 5009K [0x00000000c8600000, 0x00000000c8b80000, 0x00000000ed780000)
  object space 5632K, 88% used [0x00000000c8600000,0x00000000c8ae44c0,0x00000000c8b80000)
 Metaspace       used 7269K, capacity 8084K, committed 8448K, reserved 1056768K
  class space    used 879K, capacity 912K, committed 1024K, reserved 1048576K
}
Event: 1,424 GC heap before
{Heap before GC invocations=6 (full 1):
 PSYoungGen      total 6656K, used 480K [0x00000000ed780000, 0x00000000eea80000, 0x0000000100000000)
  eden space 6144K, 0% used [0x00000000ed780000,0x00000000ed780000,0x00000000edd80000)
  from space 512K, 93% used [0x00000000edd80000,0x00000000eddf8010,0x00000000ede00000)
  to   space 3584K, 0% used [0x00000000ee700000,0x00000000ee700000,0x00000000eea80000)
 ParOldGen       total 5632K, used 5009K [0x00000000c8600000, 0x00000000c8b80000, 0x00000000ed780000)
  object space 5632K, 88% used [0x00000000c8600000,0x00000000c8ae44c0,0x00000000c8b80000)
 Metaspace       used 7269K, capacity 8084K, committed 8448K, reserved 1056768K
  class space    used 879K, capacity 912K, committed 1024K, reserved 1048576K
Event: 1,492 GC heap after
Heap after GC invocations=6 (full 1):
 PSYoungGen      total 6656K, used 0K [0x00000000ed780000, 0x00000000eea80000, 0x0000000100000000)
  eden space 6144K, 0% used [0x00000000ed780000,0x00000000ed780000,0x00000000edd80000)
  from space 512K, 0% used [0x00000000edd80000,0x00000000edd80000,0x00000000ede00000)
  to   space 3584K, 0% used [0x00000000ee700000,0x00000000ee700000,0x00000000eea80000)
 ParOldGen       total 11264K, used 5379K [0x00000000c8600000, 0x00000000c9100000, 0x00000000ed780000)
  object space 11264K, 47% used [0x00000000c8600000,0x00000000c8b40f30,0x00000000c9100000)
 Metaspace       used 7269K, capacity 8084K, committed 8448K, reserved 1056768K
  class space    used 879K, capacity 912K, committed 1024K, reserved 1048576K
}
Event: 1,765 GC heap before
{Heap before GC invocations=7 (full 1):
 PSYoungGen      total 6656K, used 6144K [0x00000000ed780000, 0x00000000eea80000, 0x0000000100000000)
  eden space 6144K, 100% used [0x00000000ed780000,0x00000000edd80000,0x00000000edd80000)
  from space 512K, 0% used [0x00000000edd80000,0x00000000edd80000,0x00000000ede00000)
  to   space 3584K, 0% used [0x00000000ee700000,0x00000000ee700000,0x00000000eea80000)
 ParOldGen       total 11264K, used 5379K [0x00000000c8600000, 0x00000000c9100000, 0x00000000ed780000)
  object space 11264K, 47% used [0x00000000c8600000,0x00000000c8b40f30,0x00000000c9100000)
 Metaspace       used 7373K, capacity 8180K, committed 8448K, reserved 1056768K
  class space    used 887K, capacity 944K, committed 1024K, reserved 1048576K
Event: 1,781 GC heap after
Heap after GC invocations=7 (full 1):
 PSYoungGen      total 11776K, used 2596K [0x00000000ed780000, 0x00000000eea00000, 0x0000000100000000)
  eden space 8704K, 0% used [0x00000000ed780000,0x00000000ed780000,0x00000000ee000000)
  from space 3072K, 84% used [0x00000000ee700000,0x00000000ee989090,0x00000000eea00000)
  to   space 4096K, 0% used [0x00000000ee200000,0x00000000ee200000,0x00000000ee600000)
 ParOldGen       total 11264K, used 5387K [0x00000000c8600000, 0x00000000c9100000, 0x00000000ed780000)
  object space 11264K, 47% used [0x00000000c8600000,0x00000000c8b42f30,0x00000000c9100000)
 Metaspace       used 7373K, capacity 8180K, committed 8448K, reserved 1056768K
  class space    used 887K, capacity 944K, committed 1024K, reserved 1048576K
}
Event: 2,835 GC heap before
{Heap before GC invocations=8 (full 1):
 PSYoungGen      total 11776K, used 11300K [0x00000000ed780000, 0x00000000eea00000, 0x0000000100000000)
  eden space 8704K, 100% used [0x00000000ed780000,0x00000000ee000000,0x00000000ee000000)
  from space 3072K, 84% used [0x00000000ee700000,0x00000000ee989090,0x00000000eea00000)
  to   space 4096K, 0% used [0x00000000ee200000,0x00000000ee200000,0x00000000ee600000)
 ParOldGen       total 11264K, used 5387K [0x00000000c8600000, 0x00000000c9100000, 0x00000000ed780000)
  object space 11264K, 47% used [0x00000000c8600000,0x00000000c8b42f30,0x00000000c9100000)
 Metaspace       used 9066K, capacity 9568K, committed 9856K, reserved 1058816K
  class space    used 1078K, capacity 1108K, committed 1152K, reserved 1048576K
Event: 2,852 GC heap after
Heap after GC invocations=8 (full 1):
 PSYoungGen      total 14848K, used 3962K [0x00000000ed780000, 0x00000000eed80000, 0x0000000100000000)
  eden space 10752K, 0% used [0x00000000ed780000,0x00000000ed780000,0x00000000ee200000)
  from space 4096K, 96% used [0x00000000ee200000,0x00000000ee5de918,0x00000000ee600000)
  to   space 5120K, 0% used [0x00000000ee880000,0x00000000ee880000,0x00000000eed80000)
 ParOldGen       total 11264K, used 5395K [0x00000000c8600000, 0x00000000c9100000, 0x00000000ed780000)
  object space 11264K, 47% used [0x00000000c8600000,0x00000000c8b44f30,0x00000000c9100000)
 Metaspace       used 9066K, capacity 9568K, committed 9856K, reserved 1058816K
  class space    used 1078K, capacity 1108K, committed 1152K, reserved 1048576K
}

Deoptimization events (10 events):
Event: 1,151 Thread 0x00002adb48009800 Uncommon trap: reason=unstable_if action=reinterpret pc=0x00002adb4c140604 method=java.lang.String.indexOf(II)I @ 49
Event: 1,152 Thread 0x00002adb48009800 Uncommon trap: reason=unstable_if action=reinterpret pc=0x00002adb4c17d02c method=java.lang.String.replace(CC)Ljava/lang/String; @ 2
Event: 1,162 Thread 0x00002adb48009800 Uncommon trap: reason=class_check action=maybe_recompile pc=0x00002adb4c1b3530 method=sun.misc.URLClassPath.getLoader(I)Lsun/misc/URLClassPath$Loader; @ 94
Event: 1,162 Thread 0x00002adb48009800 Uncommon trap: reason=unstable_if action=reinterpret pc=0x00002adb4c190a60 method=java.lang.String.indexOf([CII[CIII)I @ 134
Event: 1,975 Thread 0x00002adb48009800 Uncommon trap: reason=unstable_if action=reinterpret pc=0x00002adb4c1ce4f8 method=sun.misc.MetaIndex.mayContain(Ljava/lang/String;)Z @ 38
Event: 1,980 Thread 0x00002adb48009800 Uncommon trap: reason=unstable_if action=reinterpret pc=0x00002adb4c18fbc4 method=sun.misc.MetaIndex.mayContain(Ljava/lang/String;)Z @ 38
Event: 2,667 Thread 0x00002adb48009800 Uncommon trap: reason=unstable_if action=reinterpret pc=0x00002adb4c2e6bf8 method=java.util.HashMap.hash(Ljava/lang/Object;)I @ 1
Event: 2,678 Thread 0x00002adb48009800 Uncommon trap: reason=unstable_if action=reinterpret pc=0x00002adb4c2a706c method=com.sun.tools.javac.util.Name$Table.equals([BI[BII)Z @ 22
Event: 2,804 Thread 0x00002adb48009800 Uncommon trap: reason=unstable_if action=reinterpret pc=0x00002adb4c2df728 method=com.sun.tools.javac.util.Convert.chars2utf([CI[BII)I @ 35
Event: 2,806 Thread 0x00002adb48009800 Uncommon trap: reason=unstable_if action=reinterpret pc=0x00002adb4c2865c0 method=java.util.HashMap.getNode(ILjava/lang/Object;)Ljava/util/HashMap$Node; @ 62

Internal exceptions (10 events):
Event: 0,077 Thread 0x00002adb48009800 Exception <a 'java/lang/NoSuchMethodError': Method sun.misc.Unsafe.prefetchRead(Ljava/lang/Object;J)V name or signature does not match> (0x00000000ed79a880) thrown at [/HUDSON/workspace/8-2-build-linux-amd64/jdk8u40/2855/hotspot/src/share/vm/prims/jni.cpp
Event: 0,381 Thread 0x00002adb48009800 Exception <a 'java/security/PrivilegedActionException'> (0x00000000ed78e220) thrown at [/HUDSON/workspace/8-2-build-linux-amd64/jdk8u40/2855/hotspot/src/share/vm/prims/jvm.cpp, line 1382]
Event: 0,381 Thread 0x00002adb48009800 Exception <a 'java/security/PrivilegedActionException'> (0x00000000ed78e568) thrown at [/HUDSON/workspace/8-2-build-linux-amd64/jdk8u40/2855/hotspot/src/share/vm/prims/jvm.cpp, line 1382]
Event: 0,382 Thread 0x00002adb48009800 Exception <a 'java/security/PrivilegedActionException'> (0x00000000ed790b40) thrown at [/HUDSON/workspace/8-2-build-linux-amd64/jdk8u40/2855/hotspot/src/share/vm/prims/jvm.cpp, line 1382]
Event: 0,382 Thread 0x00002adb48009800 Exception <a 'java/security/PrivilegedActionException'> (0x00000000ed790e88) thrown at [/HUDSON/workspace/8-2-build-linux-amd64/jdk8u40/2855/hotspot/src/share/vm/prims/jvm.cpp, line 1382]
Event: 0,393 Thread 0x00002adb48009800 Exception <a 'java/security/PrivilegedActionException'> (0x00000000ed7c58b0) thrown at [/HUDSON/workspace/8-2-build-linux-amd64/jdk8u40/2855/hotspot/src/share/vm/prims/jvm.cpp, line 1382]
Event: 0,393 Thread 0x00002adb48009800 Exception <a 'java/security/PrivilegedActionException'> (0x00000000ed7c5bf8) thrown at [/HUDSON/workspace/8-2-build-linux-amd64/jdk8u40/2855/hotspot/src/share/vm/prims/jvm.cpp, line 1382]
Event: 1,564 Thread 0x00002adb48009800 Exception <a 'java/io/FileNotFoundException'> (0x00000000ed82f300) thrown at [/HUDSON/workspace/8-2-build-linux-amd64/jdk8u40/2855/hotspot/src/share/vm/prims/jni.cpp, line 709]
Event: 1,570 Thread 0x00002adb48009800 Exception <a 'java/io/FileNotFoundException'> (0x00000000ed86ec68) thrown at [/HUDSON/workspace/8-2-build-linux-amd64/jdk8u40/2855/hotspot/src/share/vm/prims/jni.cpp, line 709]
Event: 2,667 Thread 0x00002adb48009800 Implicit null exception at 0x00002adb4c2e69b5 to 0x00002adb4c2e6be9

Events (10 events):
Event: 2,804 Thread 0x00002adb48009800 DEOPT UNPACKING pc=0x00002adb4c005229 sp=0x00002adb43672f88 mode 2
Event: 2,806 Thread 0x00002adb48009800 Uncommon trap: trap_request=0xffffff65 fr.pc=0x00002adb4c2865c0
Event: 2,806 Thread 0x00002adb48009800 DEOPT PACKING pc=0x00002adb4c2865c0 sp=0x00002adb436730b0
Event: 2,806 Thread 0x00002adb48009800 DEOPT UNPACKING pc=0x00002adb4c005229 sp=0x00002adb43673048 mode 2
Event: 2,810 loading class java/io/FileOutputStream$1
Event: 2,811 loading class java/io/FileOutputStream$1 done
Event: 2,834 Executing VM operation: ParallelGCFailedAllocation
Event: 2,852 Executing VM operation: ParallelGCFailedAllocation done
Event: 2,899 loading class com/sun/tools/javac/comp/ConstFold$1
Event: 2,899 loading class com/sun/tools/javac/comp/ConstFold$1 done


Dynamic libraries:
00400000-00401000 r-xp 00000000 08:01 296897                             /usr/lib/jvm/java-8-oracle/bin/javac
00600000-00601000 rw-p 00000000 08:01 296897                             /usr/lib/jvm/java-8-oracle/bin/javac
013f0000-01411000 rw-p 00000000 00:00 0                                  [heap]
c8600000-c9100000 rw-p 00000000 00:00 0 
c9100000-ed780000 ---p 00000000 00:00 0 
ed780000-eed80000 rw-p 00000000 00:00 0 
eed80000-100000000 ---p 00000000 00:00 0 
100000000-100120000 rw-p 00000000 00:00 0 
100120000-140000000 ---p 00000000 00:00 0 
2adb43525000-2adb43548000 r-xp 00000000 08:01 525322                     /lib/x86_64-linux-gnu/ld-2.19.so
2adb43548000-2adb4354a000 rw-p 00000000 00:00 0 
2adb4354a000-2adb4354b000 r--p 00000000 00:00 0 
2adb4354b000-2adb4354c000 rw-p 00000000 00:00 0 
2adb4354c000-2adb43554000 rw-s 00000000 08:01 792369                     /tmp/hsperfdata_alberto/4742
2adb43554000-2adb43566000 rw-p 00000000 00:00 0 
2adb43566000-2adb4356d000 r--s 00000000 08:01 668476                     /usr/lib/x86_64-linux-gnu/gconv/gconv-modules.cache
2adb4356d000-2adb4356e000 rw-p 00000000 00:00 0 
2adb43570000-2adb43574000 rw-p 00000000 00:00 0 
2adb43574000-2adb43577000 ---p 00000000 00:00 0 
2adb43577000-2adb43747000 rw-p 00000000 00:00 0                          [stack:4743]
2adb43747000-2adb43748000 r--p 00022000 08:01 525322                     /lib/x86_64-linux-gnu/ld-2.19.so
2adb43748000-2adb43749000 rw-p 00023000 08:01 525322                     /lib/x86_64-linux-gnu/ld-2.19.so
2adb43749000-2adb4374a000 rw-p 00000000 00:00 0 
2adb4374a000-2adb43763000 r-xp 00000000 08:01 525336                     /lib/x86_64-linux-gnu/libpthread-2.19.so
2adb43763000-2adb43962000 ---p 00019000 08:01 525336                     /lib/x86_64-linux-gnu/libpthread-2.19.so
2adb43962000-2adb43963000 r--p 00018000 08:01 525336                     /lib/x86_64-linux-gnu/libpthread-2.19.so
2adb43963000-2adb43964000 rw-p 00019000 08:01 525336                     /lib/x86_64-linux-gnu/libpthread-2.19.so
2adb43964000-2adb43968000 rw-p 00000000 00:00 0 
2adb43968000-2adb4397d000 r-xp 00000000 08:01 410905                     /usr/lib/jvm/java-8-oracle/lib/amd64/jli/libjli.so
2adb4397d000-2adb43b7d000 ---p 00015000 08:01 410905                     /usr/lib/jvm/java-8-oracle/lib/amd64/jli/libjli.so
2adb43b7d000-2adb43b7e000 rw-p 00015000 08:01 410905                     /usr/lib/jvm/java-8-oracle/lib/amd64/jli/libjli.so
2adb43b7e000-2adb43b81000 r-xp 00000000 08:01 525275                     /lib/x86_64-linux-gnu/libdl-2.19.so
2adb43b81000-2adb43d80000 ---p 00003000 08:01 525275                     /lib/x86_64-linux-gnu/libdl-2.19.so
2adb43d80000-2adb43d81000 r--p 00002000 08:01 525275                     /lib/x86_64-linux-gnu/libdl-2.19.so
2adb43d81000-2adb43d82000 rw-p 00003000 08:01 525275                     /lib/x86_64-linux-gnu/libdl-2.19.so
2adb43d82000-2adb43f3d000 r-xp 00000000 08:01 525334                     /lib/x86_64-linux-gnu/libc-2.19.so
2adb43f3d000-2adb4413c000 ---p 001bb000 08:01 525334                     /lib/x86_64-linux-gnu/libc-2.19.so
2adb4413c000-2adb44140000 r--p 001ba000 08:01 525334                     /lib/x86_64-linux-gnu/libc-2.19.so
2adb44140000-2adb44142000 rw-p 001be000 08:01 525334                     /lib/x86_64-linux-gnu/libc-2.19.so
2adb44142000-2adb44147000 rw-p 00000000 00:00 0 
2adb44147000-2adb44df5000 r-xp 00000000 08:01 411096                     /usr/lib/jvm/java-8-oracle/jre/lib/amd64/server/libjvm.so
2adb44df5000-2adb44ff4000 ---p 00cae000 08:01 411096                     /usr/lib/jvm/java-8-oracle/jre/lib/amd64/server/libjvm.so
2adb44ff4000-2adb450cb000 rw-p 00cad000 08:01 411096                     /usr/lib/jvm/java-8-oracle/jre/lib/amd64/server/libjvm.so
2adb450cb000-2adb4510f000 rw-p 00000000 00:00 0 
2adb4510f000-2adb45214000 r-xp 00000000 08:01 525251                     /lib/x86_64-linux-gnu/libm-2.19.so
2adb45214000-2adb45413000 ---p 00105000 08:01 525251                     /lib/x86_64-linux-gnu/libm-2.19.so
2adb45413000-2adb45414000 r--p 00104000 08:01 525251                     /lib/x86_64-linux-gnu/libm-2.19.so
2adb45414000-2adb45415000 rw-p 00105000 08:01 525251                     /lib/x86_64-linux-gnu/libm-2.19.so
2adb45415000-2adb4541c000 r-xp 00000000 08:01 525351                     /lib/x86_64-linux-gnu/librt-2.19.so
2adb4541c000-2adb4561b000 ---p 00007000 08:01 525351                     /lib/x86_64-linux-gnu/librt-2.19.so
2adb4561b000-2adb4561c000 r--p 00006000 08:01 525351                     /lib/x86_64-linux-gnu/librt-2.19.so
2adb4561c000-2adb4561d000 rw-p 00007000 08:01 525351                     /lib/x86_64-linux-gnu/librt-2.19.so
2adb4561d000-2adb4562a000 r-xp 00000000 08:01 411055                     /usr/lib/jvm/java-8-oracle/jre/lib/amd64/libverify.so
2adb4562a000-2adb4582a000 ---p 0000d000 08:01 411055                     /usr/lib/jvm/java-8-oracle/jre/lib/amd64/libverify.so
2adb4582a000-2adb4582c000 rw-p 0000d000 08:01 411055                     /usr/lib/jvm/java-8-oracle/jre/lib/amd64/libverify.so
2adb4582c000-2adb45856000 r-xp 00000000 08:01 411049                     /usr/lib/jvm/java-8-oracle/jre/lib/amd64/libjava.so
2adb45856000-2adb45a56000 ---p 0002a000 08:01 411049                     /usr/lib/jvm/java-8-oracle/jre/lib/amd64/libjava.so
2adb45a56000-2adb45a58000 rw-p 0002a000 08:01 411049                     /usr/lib/jvm/java-8-oracle/jre/lib/amd64/libjava.so
2adb45a58000-2adb45a61000 r-xp 00000000 08:01 525316                     /lib/x86_64-linux-gnu/libnss_compat-2.19.so
2adb45a61000-2adb45c60000 ---p 00009000 08:01 525316                     /lib/x86_64-linux-gnu/libnss_compat-2.19.so
2adb45c60000-2adb45c61000 r--p 00008000 08:01 525316                     /lib/x86_64-linux-gnu/libnss_compat-2.19.so
2adb45c61000-2adb45c62000 rw-p 00009000 08:01 525316                     /lib/x86_64-linux-gnu/libnss_compat-2.19.so
2adb45c62000-2adb45c79000 r-xp 00000000 08:01 525318                     /lib/x86_64-linux-gnu/libnsl-2.19.so
2adb45c79000-2adb45e78000 ---p 00017000 08:01 525318                     /lib/x86_64-linux-gnu/libnsl-2.19.so
2adb45e78000-2adb45e79000 r--p 00016000 08:01 525318                     /lib/x86_64-linux-gnu/libnsl-2.19.so
2adb45e79000-2adb45e7a000 rw-p 00017000 08:01 525318                     /lib/x86_64-linux-gnu/libnsl-2.19.so
2adb45e7a000-2adb45e7c000 rw-p 00000000 00:00 0 
2adb45e7c000-2adb45e87000 r-xp 00000000 08:01 528535                     /lib/x86_64-linux-gnu/libnss_nis-2.19.so
2adb45e87000-2adb46086000 ---p 0000b000 08:01 528535                     /lib/x86_64-linux-gnu/libnss_nis-2.19.so
2adb46086000-2adb46087000 r--p 0000a000 08:01 528535                     /lib/x86_64-linux-gnu/libnss_nis-2.19.so
2adb46087000-2adb46088000 rw-p 0000b000 08:01 528535                     /lib/x86_64-linux-gnu/libnss_nis-2.19.so
2adb46088000-2adb46093000 r-xp 00000000 08:01 525257                     /lib/x86_64-linux-gnu/libnss_files-2.19.so
2adb46093000-2adb46292000 ---p 0000b000 08:01 525257                     /lib/x86_64-linux-gnu/libnss_files-2.19.so
2adb46292000-2adb46293000 r--p 0000a000 08:01 525257                     /lib/x86_64-linux-gnu/libnss_files-2.19.so
2adb46293000-2adb46294000 rw-p 0000b000 08:01 525257                     /lib/x86_64-linux-gnu/libnss_files-2.19.so
2adb46294000-2adb462ae000 r-xp 00000000 08:01 411084                     /usr/lib/jvm/java-8-oracle/jre/lib/amd64/libzip.so
2adb462ae000-2adb464ae000 ---p 0001a000 08:01 411084                     /usr/lib/jvm/java-8-oracle/jre/lib/amd64/libzip.so
2adb464ae000-2adb464af000 rw-p 0001a000 08:01 411084                     /usr/lib/jvm/java-8-oracle/jre/lib/amd64/libzip.so
2adb464af000-2adb464bd000 rw-p 00000000 00:00 0 
2adb464bd000-2adb4686f000 ---p 00000000 00:00 0 
2adb4686f000-2adb46875000 rw-p 00000000 00:00 0 
2adb46875000-2adb46997000 ---p 00000000 00:00 0 
2adb46997000-2adb469a3000 rw-p 00000000 00:00 0 
2adb469a3000-2adb46a2c000 ---p 00000000 00:00 0 
2adb46a2c000-2adb46a33000 rw-p 00000000 00:00 0 
2adb46a33000-2adb46b56000 ---p 00000000 00:00 0 
2adb46b56000-2adb46b57000 ---p 00000000 00:00 0 
2adb46b57000-2adb46c57000 rw-p 00000000 00:00 0                          [stack:4744]
2adb46c57000-2adb46c58000 ---p 00000000 00:00 0 
2adb46c58000-2adb47715000 rw-p 00000000 00:00 0                          [stack:4745]
2adb47715000-2adb4778b000 rw-p 00000000 00:00 0 
2adb4778b000-2adb47963000 r--s 03d09000 08:01 411122                     /usr/lib/jvm/java-8-oracle/jre/lib/rt.jar
2adb47963000-2adb47fcc000 rw-p 00000000 00:00 0 
2adb47fcc000-2adb47ff2000 r--p 00000000 08:01 793442                     /usr/share/locale-langpack/es/LC_MESSAGES/libc.mo
2adb47ff2000-2adb47ffd000 r--s 00116000 08:01 411222                     /usr/lib/jvm/java-8-oracle/jre/lib/ext/localedata.jar
2adb48000000-2adb485ff000 rw-p 00000000 00:00 0 
2adb485ff000-2adb4c000000 ---p 00000000 00:00 0 
2adb4c000000-2adb4c380000 rwxp 00000000 00:00 0 
2adb4c380000-2adb5b000000 ---p 00000000 00:00 0 
2adb5b000000-2adb5b303000 rw-p 00000000 00:00 0 
2adb5b303000-2adb5b304000 ---p 00000000 00:00 0 
2adb5b304000-2adb5b404000 rw-p 00000000 00:00 0                          [stack:4746]
2adb5b404000-2adb5b407000 ---p 00000000 00:00 0 
2adb5b407000-2adb5b505000 rw-p 00000000 00:00 0                          [stack:4747]
2adb5b505000-2adb5b508000 ---p 00000000 00:00 0 
2adb5b508000-2adb5b606000 rw-p 00000000 00:00 0                          [stack:4748]
2adb5b606000-2adb5bb50000 r--p 00000000 08:01 270755                     /usr/lib/locale/locale-archive
2adb5bb50000-2adb5bb53000 ---p 00000000 00:00 0 
2adb5bb53000-2adb5bc51000 rw-p 00000000 00:00 0                          [stack:4749]
2adb5bc51000-2adb5bc54000 ---p 00000000 00:00 0 
2adb5bc54000-2adb5bd52000 rw-p 00000000 00:00 0                          [stack:4750]
2adb5bd52000-2adb5bd55000 ---p 00000000 00:00 0 
2adb5bd55000-2adb5be53000 rw-p 00000000 00:00 0                          [stack:4751]
2adb5be53000-2adb5be56000 ---p 00000000 00:00 0 
2adb5be56000-2adb5bf54000 rw-p 00000000 00:00 0                          [stack:4752]
2adb5bf54000-2adb5bfcd000 r--s 010e7000 08:01 410901                     /usr/lib/jvm/java-8-oracle/lib/tools.jar
2adb5c000000-2adb5c021000 rw-p 00000000 00:00 0 
2adb5c021000-2adb60000000 ---p 00000000 00:00 0 
2adb60000000-2adb61bd0000 rw-p 00000000 00:00 0 
2adb61bd0000-2adb61bd1000 ---p 00000000 00:00 0 
2adb61bd1000-2adb61d51000 rw-p 00000000 00:00 0                          [stack:4753]
2adb61d51000-2adb61ed1000 ---p 00000000 00:00 0 
2adb64000000-2adb64021000 rw-p 00000000 00:00 0 
2adb64021000-2adb68000000 ---p 00000000 00:00 0 
2adb68000000-2adb68021000 rw-p 00000000 00:00 0 
2adb68021000-2adb6c000000 ---p 00000000 00:00 0 
2adb6c000000-2adb6c021000 rw-p 00000000 00:00 0 
2adb6c021000-2adb70000000 ---p 00000000 00:00 0 
2adb70000000-2adb70021000 rw-p 00000000 00:00 0 
2adb70021000-2adb74000000 ---p 00000000 00:00 0 
2adb74000000-2adb74021000 rw-p 00000000 00:00 0 
2adb74021000-2adb78000000 ---p 00000000 00:00 0 
2adb78000000-2adb787f7000 rw-p 00000000 00:00 0 
2adb787f7000-2adb7c000000 ---p 00000000 00:00 0 
2adb7c000000-2adb7c44b000 rw-p 00000000 00:00 0 
2adb7c44b000-2adb80000000 ---p 00000000 00:00 0 
2adb80000000-2adb80021000 rw-p 00000000 00:00 0 
2adb80021000-2adb84000000 ---p 00000000 00:00 0 
2adb84000000-2adb84021000 rw-p 00000000 00:00 0 
2adb84021000-2adb88000000 ---p 00000000 00:00 0 
7fffb5e86000-7fffb5ea7000 rw-p 00000000 00:00 0                          [stack]
7fffb5f75000-7fffb5f77000 r-xp 00000000 00:00 0                          [vdso]
ffffffffff600000-ffffffffff601000 r-xp 00000000 00:00 0                  [vsyscall]

VM Arguments:
jvm_args: -Dapplication.home=/usr/lib/jvm/java-8-oracle -Xms8m 
java_command: com.sun.tools.javac.Main Main.java
java_class_path (initial): /usr/lib/jvm/java-8-oracle/lib/tools.jar:/usr/lib/jvm/java-8-oracle/classes
Launcher Type: SUN_STANDARD

Environment Variables:
JAVA_HOME=/usr/lib/jvm/java-8-oracle
PATH=/home/alberto/bin:/usr/local/sbin:/usr/local/bin:/usr/sbin:/usr/bin:/sbin:/bin:/usr/games:/usr/local/games:/usr/lib/jvm/java-8-oracle/bin
USERNAME=alberto
SHELL=/bin/bash
DISPLAY=:0

Signal Handlers:
SIGSEGV: [libjvm.so+0xaad2e0], sa_mask[0]=11111111011111111101111111111110, sa_flags=SA_RESTART|SA_SIGINFO
SIGBUS: [libjvm.so+0xaad2e0], sa_mask[0]=11111111011111111101111111111110, sa_flags=SA_RESTART|SA_SIGINFO
SIGFPE: [libjvm.so+0x90b550], sa_mask[0]=11111111011111111101111111111110, sa_flags=SA_RESTART|SA_SIGINFO
SIGPIPE: [libjvm.so+0x90b550], sa_mask[0]=11111111011111111101111111111110, sa_flags=SA_RESTART|SA_SIGINFO
SIGXFSZ: [libjvm.so+0x90b550], sa_mask[0]=11111111011111111101111111111110, sa_flags=SA_RESTART|SA_SIGINFO
SIGILL: [libjvm.so+0x90b550], sa_mask[0]=11111111011111111101111111111110, sa_flags=SA_RESTART|SA_SIGINFO
SIGUSR1: SIG_DFL, sa_mask[0]=00000000000000000000000000000000, sa_flags=none
SIGUSR2: [libjvm.so+0x90cb90], sa_mask[0]=00000000000000000000000000000000, sa_flags=SA_RESTART|SA_SIGINFO
SIGHUP: [libjvm.so+0x90dee0], sa_mask[0]=11111111011111111101111111111110, sa_flags=SA_RESTART|SA_SIGINFO
SIGINT: [libjvm.so+0x90dee0], sa_mask[0]=11111111011111111101111111111110, sa_flags=SA_RESTART|SA_SIGINFO
SIGTERM: [libjvm.so+0x90dee0], sa_mask[0]=11111111011111111101111111111110, sa_flags=SA_RESTART|SA_SIGINFO
SIGQUIT: [libjvm.so+0x90dee0], sa_mask[0]=11111111011111111101111111111110, sa_flags=SA_RESTART|SA_SIGINFO


---------------  S Y S T E M  ---------------

OS:DISTRIB_ID=LinuxMint
DISTRIB_RELEASE=17.1
DISTRIB_CODENAME=rebecca
DISTRIB_DESCRIPTION="Linux Mint 17.1 Rebecca"

uname:Linux 3.13.0-37-generic #64-Ubuntu SMP Mon Sep 22 21:28:38 UTC 2014 x86_64
libc:glibc 2.19 NPTL 2.19 
rlimit: STACK infinity, CORE 0k, NPROC 28093, NOFILE 4096, AS infinity
load average:0,16 0,16 0,24

/proc/meminfo:
MemTotal:        3641532 kB
MemFree:          818364 kB
Buffers:          129648 kB
Cached:          1092792 kB
SwapCached:            0 kB
Active:          1622508 kB
Inactive:         766608 kB
Active(anon):    1180964 kB
Inactive(anon):    27828 kB
Active(file):     441544 kB
Inactive(file):   738780 kB
Unevictable:           0 kB
Mlocked:               0 kB
SwapTotal:       1999996 kB
SwapFree:        1999996 kB
Dirty:               192 kB
Writeback:             0 kB
AnonPages:       1166704 kB
Mapped:           389612 kB
Shmem:             42124 kB
Slab:             119148 kB
SReclaimable:      88432 kB
SUnreclaim:        30716 kB
KernelStack:        4336 kB
PageTables:        41048 kB
NFS_Unstable:          0 kB
Bounce:                0 kB
WritebackTmp:          0 kB
CommitLimit:     3820760 kB
Committed_AS:    4040104 kB
VmallocTotal:   34359738367 kB
VmallocUsed:      294512 kB
VmallocChunk:   34359425436 kB
HardwareCorrupted:     0 kB
AnonHugePages:    385024 kB
HugePages_Total:       0
HugePages_Free:        0
HugePages_Rsvd:        0
HugePages_Surp:        0
Hugepagesize:       2048 kB
DirectMap4k:      267032 kB
DirectMap2M:     3514368 kB
DirectMap1G:           0 kB


CPU:total 2 (2 cores per cpu, 1 threads per core) family 20 model 2 stepping 0, cmov, cx8, fxsr, mmx, sse, sse2, sse3, ssse3, popcnt, mmxext, lzcnt, sse4a, tsc, tscinvbit, tscinv

/proc/cpuinfo:
processor	: 0
vendor_id	: AuthenticAMD
cpu family	: 20
model		: 2
model name	: AMD E-450 APU with Radeon(tm) HD Graphics
stepping	: 0
microcode	: 0x5000101
cpu MHz		: 1650.000
cache size	: 512 KB
physical id	: 0
siblings	: 2
core id		: 0
cpu cores	: 2
apicid		: 0
initial apicid	: 0
fpu		: yes
fpu_exception	: yes
cpuid level	: 6
wp		: yes
flags		: fpu vme de pse tsc msr pae mce cx8 apic sep mtrr pge mca cmov pat pse36 clflush mmx fxsr sse sse2 ht syscall nx mmxext fxsr_opt pdpe1gb rdtscp lm constant_tsc rep_good nopl nonstop_tsc extd_apicid aperfmperf pni monitor ssse3 cx16 popcnt lahf_lm cmp_legacy svm extapic cr8_legacy abm sse4a misalignsse 3dnowprefetch ibs skinit wdt arat hw_pstate npt lbrv svm_lock nrip_save pausefilter
bogomips	: 3292.83
TLB size	: 1024 4K pages
clflush size	: 64
cache_alignment	: 64
address sizes	: 36 bits physical, 48 bits virtual
power management: ts ttp tm stc 100mhzsteps hwpstate

processor	: 1
vendor_id	: AuthenticAMD
cpu family	: 20
model		: 2
model name	: AMD E-450 APU with Radeon(tm) HD Graphics
stepping	: 0
microcode	: 0x5000101
cpu MHz		: 1320.000
cache size	: 512 KB
physical id	: 0
siblings	: 2
core id		: 1
cpu cores	: 2
apicid		: 1
initial apicid	: 1
fpu		: yes
fpu_exception	: yes
cpuid level	: 6
wp		: yes
flags		: fpu vme de pse tsc msr pae mce cx8 apic sep mtrr pge mca cmov pat pse36 clflush mmx fxsr sse sse2 ht syscall nx mmxext fxsr_opt pdpe1gb rdtscp lm constant_tsc rep_good nopl nonstop_tsc extd_apicid aperfmperf pni monitor ssse3 cx16 popcnt lahf_lm cmp_legacy svm extapic cr8_legacy abm sse4a misalignsse 3dnowprefetch ibs skinit wdt arat hw_pstate npt lbrv svm_lock nrip_save pausefilter
bogomips	: 3292.83
TLB size	: 1024 4K pages
clflush size	: 64
cache_alignment	: 64
address sizes	: 36 bits physical, 48 bits virtual
power management: ts ttp tm stc 100mhzsteps hwpstate



Memory: 4k page, physical 3641532k(818364k free), swap 1999996k(1999996k free)

vm_info: Java HotSpot(TM) 64-Bit Server VM (25.40-b25) for linux-amd64 JRE (1.8.0_40-b25), built on Feb 10 2015 21:29:53 by "java_re" with gcc 4.3.0 20080428 (Red Hat 4.3.0-8)

time: Tue Apr 14 18:45:35 2015
elapsed time: 2 seconds (0d 0h 0m 2s)

